Сборка начата 10.10.2015 10:22:34.
     1>Проект "C:\Иван\Лаба!\mp2-lab1-set\sln\vc10\bitfield\bitfield.vcxproj" в узле 2 (целевые объекты build).
     1>InitializeBuildStatus:
         Обращение к "Debug\bitfield.unsuccessfulbuild".
       ClCompile:
         C:\Program Files (x86)\Microsoft Visual Studio 10.0\VC\bin\CL.exe /c /I../../../include /ZI /nologo /W3 /WX- /Od /Oy- /D WIN32 /D _DEBUG /D _LIB /D _UNICODE /D UNICODE /Gm /EHsc /RTC1 /MDd /GS /fp:precise /Zc:wchar_t /Zc:forScope /Fo"Debug\\" /Fd"Debug\vc100.pdb" /Gd /TP /analyze- /errorReport:prompt ..\..\..\src\tbitfield.cpp ..\..\..\src\tset.cpp
         tset.cpp
         tbitfield.cpp
     1>c:\иван\лаба!\mp2-lab1-set\src\tbitfield.cpp(24): error C2082: переопределение формального параметра "pMem1"
     1>c:\иван\лаба!\mp2-lab1-set\src\tbitfield.cpp(29): error C2676: бинарный "[": "const TBitField" не определяет этот оператор или преобразование к типу приемлемо к встроенному оператору
     1>c:\иван\лаба!\mp2-lab1-set\src\tbitfield.cpp(60): warning C4552: >>: оператор не имеет результата; требуется оператор с побочным действием
         Создание кода...
     1>c:\иван\лаба!\mp2-lab1-set\src\tset.cpp(26): error C4716: TSet::operator TBitField: должна возвращать значение
     1>c:\иван\лаба!\mp2-lab1-set\src\tset.cpp(30): error C4716: TSet::GetMaxPower: должна возвращать значение
     1>c:\иван\лаба!\mp2-lab1-set\src\tset.cpp(49): error C4716: TSet::operator=: должна возвращать значение
     1>c:\иван\лаба!\mp2-lab1-set\src\tset.cpp(58): error C4716: TSet::operator!=: должна возвращать значение
     1>c:\иван\лаба!\mp2-lab1-set\src\tset.cpp(62): error C4716: TSet::operator+: должна возвращать значение
     1>c:\иван\лаба!\mp2-lab1-set\src\tset.cpp(66): error C4716: TSet::operator+: должна возвращать значение
     1>c:\иван\лаба!\mp2-lab1-set\src\tset.cpp(70): error C4716: TSet::operator-: должна возвращать значение
     1>c:\иван\лаба!\mp2-lab1-set\src\tset.cpp(74): error C4716: TSet::operator*: должна возвращать значение
     1>c:\иван\лаба!\mp2-lab1-set\src\tset.cpp(78): error C4716: TSet::operator~: должна возвращать значение
     1>c:\иван\лаба!\mp2-lab1-set\src\tset.cpp(84): error C4716: operator>>: должна возвращать значение
     1>c:\иван\лаба!\mp2-lab1-set\src\tset.cpp(88): error C4716: operator<<: должна возвращать значение
     1>Построение проекта "C:\Иван\Лаба!\mp2-lab1-set\sln\vc10\bitfield\bitfield.vcxproj" завершено (целевые объекты build) с ошибкой.

СБОЙ построения.

Затраченное время: 00:00:04.89
